2026-05-16 18:16:13,015 | INFO | Starting one-run SVM versus QSVM experiment.
2026-05-16 18:25:15,756 | INFO | Starting one-run SVM versus QSVM experiment.
2026-05-16 18:25:15,771 | INFO | Starting phase: preprocessing
2026-05-16 18:25:15,798 | INFO | Completed phase: preprocessing
2026-05-16 18:25:15,800 | INFO | Starting phase: classical_svm_grid_search
2026-05-16 18:25:18,046 | INFO | Completed phase: classical_svm_grid_search
2026-05-16 18:25:18,050 | INFO | Starting phase: classical_svm_final_training
2026-05-16 18:25:18,054 | INFO | Completed phase: classical_svm_final_training
2026-05-16 18:25:18,055 | INFO | Starting phase: final_evaluation
2026-05-16 18:25:18,058 | INFO | Completed phase: final_evaluation
2026-05-16 18:25:18,084 | INFO | Classical SVM best params: {'C': 1, 'gamma': 0.01, 'kernel': 'rbf'}
2026-05-16 18:25:20,068 | INFO | Starting phase: qsvm_optuna_search
2026-05-16 18:27:26,230 | WARNING | QSVM Optuna trial 1 failed: 'NoneType' object has no attribute 'items'
2026-05-16 18:32:35,584 | WARNING | QSVM Optuna trial 4 failed: 'NoneType' object has no attribute 'items'
2026-05-16 18:52:09,240 | WARNING | QSVM Optuna trial 14 failed: 'NoneType' object has no attribute 'items'
2026-05-16 19:00:37,885 | WARNING | QSVM Optuna trial 19 failed: 'NoneType' object has no attribute 'items'
2026-05-16 19:33:23,936 | WARNING | QSVM Optuna trial 34 failed: 'NoneType' object has no attribute 'items'
2026-05-16 19:36:39,469 | WARNING | QSVM Optuna trial 36 failed: 'NoneType' object has no attribute 'items'
2026-05-16 19:41:48,786 | INFO | Completed phase: qsvm_optuna_search
2026-05-16 19:41:48,863 | INFO | Starting phase: qsvm_confirmation_phase
2026-05-16 20:11:26,160 | INFO | Completed phase: qsvm_confirmation_phase
2026-05-16 20:11:26,182 | INFO | Starting phase: qsvm_final_training
2026-05-16 20:12:56,312 | INFO | Completed phase: qsvm_final_training
2026-05-16 20:12:56,312 | INFO | Starting phase: final_evaluation
2026-05-16 20:13:42,131 | INFO | Completed phase: final_evaluation
2026-05-16 20:13:42,515 | INFO | Starting phase: decision_boundary_visualization
2026-05-16 20:26:31,112 | INFO | Completed phase: decision_boundary_visualization
2026-05-16 20:26:31,114 | INFO | Experiment completed successfully.
