2026-06-17 11:40:47,948 | INFO | Starting one-run SVM versus QSVM experiment.
2026-06-17 11:40:47,990 | INFO | Starting phase: preprocessing
2026-06-17 11:40:48,012 | INFO | Completed phase: preprocessing
2026-06-17 11:40:48,013 | INFO | Starting phase: classical_svm_grid_search
2026-06-17 11:40:49,337 | INFO | Completed phase: classical_svm_grid_search
2026-06-17 11:40:49,341 | INFO | Starting phase: classical_svm_final_training
2026-06-17 11:40:49,343 | INFO | Completed phase: classical_svm_final_training
2026-06-17 11:40:49,343 | INFO | Starting phase: final_evaluation
2026-06-17 11:40:49,344 | INFO | Completed phase: final_evaluation
2026-06-17 11:40:49,363 | INFO | Classical SVM best params: {'C': 0.1, 'kernel': 'linear'}
2026-06-17 11:40:50,269 | INFO | Starting phase: qsvm_optuna_search
2026-06-17 11:41:10,254 | WARNING | QSVM Optuna trial 1 failed: 'NoneType' object has no attribute 'items'
2026-06-17 11:41:58,616 | WARNING | QSVM Optuna trial 4 failed: 'NoneType' object has no attribute 'items'
2026-06-17 11:45:32,809 | WARNING | QSVM Optuna trial 14 failed: 'NoneType' object has no attribute 'items'
2026-06-17 11:47:21,190 | WARNING | QSVM Optuna trial 19 failed: 'NoneType' object has no attribute 'items'
2026-06-17 11:53:22,659 | WARNING | QSVM Optuna trial 34 failed: 'NoneType' object has no attribute 'items'
2026-06-17 11:53:56,076 | WARNING | QSVM Optuna trial 36 failed: 'NoneType' object has no attribute 'items'
2026-06-17 11:55:00,749 | INFO | Completed phase: qsvm_optuna_search
2026-06-17 11:55:00,792 | INFO | Starting phase: qsvm_confirmation_phase
2026-06-17 11:59:53,397 | INFO | Completed phase: qsvm_confirmation_phase
2026-06-17 11:59:53,421 | INFO | Starting phase: qsvm_final_training
2026-06-17 12:00:16,617 | INFO | Completed phase: qsvm_final_training
2026-06-17 12:00:16,617 | INFO | Starting phase: final_evaluation
2026-06-17 12:00:28,388 | INFO | Completed phase: final_evaluation
2026-06-17 12:00:29,762 | INFO | Starting phase: decision_boundary_visualization
2026-06-17 12:07:16,113 | INFO | Completed phase: decision_boundary_visualization
2026-06-17 12:07:16,115 | INFO | Experiment completed successfully.
