2026-05-16 10:57:08,457 | INFO | Starting one-run SVM versus QSVM experiment.
2026-05-16 10:57:08,480 | INFO | Starting phase: preprocessing
2026-05-16 10:57:08,597 | INFO | Completed phase: preprocessing
2026-05-16 10:57:08,601 | INFO | Starting phase: classical_svm_grid_search
2026-05-16 10:57:10,349 | INFO | Completed phase: classical_svm_grid_search
2026-05-16 10:57:10,353 | INFO | Starting phase: classical_svm_final_training
2026-05-16 10:57:10,356 | INFO | Completed phase: classical_svm_final_training
2026-05-16 10:57:10,356 | INFO | Starting phase: final_evaluation
2026-05-16 10:57:10,357 | INFO | Completed phase: final_evaluation
2026-05-16 10:57:10,368 | INFO | Classical SVM best params: {'C': 10, 'gamma': 0.01, 'kernel': 'rbf'}
2026-05-16 10:57:10,535 | INFO | Starting phase: qsvm_optuna_search
2026-05-16 11:00:48,147 | WARNING | QSVM Optuna trial 1 failed: 'NoneType' object has no attribute 'items'
2026-05-16 11:09:19,328 | WARNING | QSVM Optuna trial 4 failed: 'NoneType' object has no attribute 'items'
2026-05-16 11:59:15,141 | WARNING | QSVM Optuna trial 18 failed: 'NoneType' object has no attribute 'items'
2026-05-16 12:13:27,263 | WARNING | QSVM Optuna trial 25 failed: 'NoneType' object has no attribute 'items'
2026-05-16 12:23:56,924 | WARNING | QSVM Optuna trial 29 failed: 'NoneType' object has no attribute 'items'
2026-05-16 12:40:56,290 | WARNING | QSVM Optuna trial 36 failed: 'NoneType' object has no attribute 'items'
2026-05-16 12:48:36,885 | INFO | Completed phase: qsvm_optuna_search
2026-05-16 12:48:36,895 | INFO | Starting phase: qsvm_confirmation_phase
2026-05-16 13:24:51,651 | INFO | Completed phase: qsvm_confirmation_phase
2026-05-16 13:24:51,658 | INFO | Starting phase: qsvm_final_training
2026-05-16 13:26:48,882 | INFO | Completed phase: qsvm_final_training
2026-05-16 13:26:48,882 | INFO | Starting phase: final_evaluation
2026-05-16 13:27:47,609 | INFO | Completed phase: final_evaluation
2026-05-16 13:27:47,706 | INFO | Starting phase: decision_boundary_visualization
2026-05-16 13:37:13,399 | INFO | Completed phase: decision_boundary_visualization
2026-05-16 13:37:13,403 | INFO | Experiment completed successfully.
