2026-06-18 07:14:25,391 | INFO | Starting one-run SVM versus QSVM experiment.
2026-06-18 07:14:25,412 | INFO | Starting phase: preprocessing
2026-06-18 07:14:25,427 | INFO | Completed phase: preprocessing
2026-06-18 07:14:25,429 | INFO | Starting phase: classical_svm_grid_search
2026-06-18 07:14:26,721 | INFO | Completed phase: classical_svm_grid_search
2026-06-18 07:14:26,739 | INFO | Starting phase: classical_svm_final_training
2026-06-18 07:14:26,742 | INFO | Completed phase: classical_svm_final_training
2026-06-18 07:14:26,742 | INFO | Starting phase: final_evaluation
2026-06-18 07:14:26,743 | INFO | Completed phase: final_evaluation
2026-06-18 07:14:26,764 | INFO | Classical SVM best params: {'C': 0.1, 'kernel': 'linear'}
2026-06-18 07:14:27,274 | INFO | Starting phase: qsvm_optuna_search
2026-06-18 07:24:36,706 | INFO | Completed phase: qsvm_optuna_search
2026-06-18 07:24:36,732 | INFO | Starting phase: qsvm_confirmation_phase
2026-06-18 07:28:08,238 | INFO | Completed phase: qsvm_confirmation_phase
2026-06-18 07:28:08,245 | INFO | Starting phase: qsvm_final_training
2026-06-18 07:28:17,421 | INFO | Completed phase: qsvm_final_training
2026-06-18 07:28:17,421 | INFO | Starting phase: final_evaluation
2026-06-18 07:28:22,024 | INFO | Completed phase: final_evaluation
2026-06-18 07:28:23,330 | INFO | Starting phase: decision_boundary_visualization
2026-06-18 07:31:07,978 | INFO | Completed phase: decision_boundary_visualization
2026-06-18 07:31:07,982 | INFO | Experiment completed successfully.
