2026-05-16 10:17:26,785 | INFO | Starting one-run SVM versus QSVM experiment.
2026-05-16 10:17:26,794 | INFO | Starting phase: preprocessing
2026-05-16 10:17:26,812 | INFO | Completed phase: preprocessing
2026-05-16 10:17:26,813 | INFO | Starting phase: classical_svm_grid_search
2026-05-16 10:17:27,683 | INFO | Completed phase: classical_svm_grid_search
2026-05-16 10:17:27,688 | INFO | Starting phase: classical_svm_final_training
2026-05-16 10:17:27,690 | INFO | Completed phase: classical_svm_final_training
2026-05-16 10:17:27,690 | INFO | Starting phase: final_evaluation
2026-05-16 10:17:27,691 | INFO | Completed phase: final_evaluation
2026-05-16 10:17:27,701 | INFO | Classical SVM best params: {'C': 1, 'gamma': 'scale', 'kernel': 'rbf'}
2026-05-16 10:17:27,875 | INFO | Starting phase: qsvm_optuna_search
2026-05-16 10:17:48,338 | WARNING | QSVM Optuna trial 1 failed: 'NoneType' object has no attribute 'items'
2026-05-16 10:18:36,830 | WARNING | QSVM Optuna trial 4 failed: 'NoneType' object has no attribute 'items'
2026-05-16 10:24:02,520 | WARNING | QSVM Optuna trial 18 failed: 'NoneType' object has no attribute 'items'
2026-05-16 10:27:29,572 | WARNING | QSVM Optuna trial 25 failed: 'NoneType' object has no attribute 'items'
2026-05-16 10:29:19,357 | WARNING | QSVM Optuna trial 29 failed: 'NoneType' object has no attribute 'items'
2026-05-16 10:32:15,875 | WARNING | QSVM Optuna trial 36 failed: 'NoneType' object has no attribute 'items'
2026-05-16 10:33:54,278 | INFO | Completed phase: qsvm_optuna_search
2026-05-16 10:33:54,288 | INFO | Starting phase: qsvm_confirmation_phase
2026-05-16 10:40:16,634 | INFO | Completed phase: qsvm_confirmation_phase
2026-05-16 10:40:16,641 | INFO | Starting phase: qsvm_final_training
2026-05-16 10:41:12,343 | INFO | Completed phase: qsvm_final_training
2026-05-16 10:41:12,344 | INFO | Starting phase: final_evaluation
2026-05-16 10:41:39,729 | INFO | Completed phase: final_evaluation
2026-05-16 10:41:39,794 | INFO | Starting phase: decision_boundary_visualization
2026-05-16 10:52:23,180 | INFO | Completed phase: decision_boundary_visualization
2026-05-16 10:52:23,187 | INFO | Experiment completed successfully.
