2026-06-17 15:45:21,203 | INFO | Starting one-run SVM versus QSVM experiment.
2026-06-17 15:45:21,224 | INFO | Starting phase: preprocessing
2026-06-17 15:45:21,246 | INFO | Completed phase: preprocessing
2026-06-17 15:45:21,249 | INFO | Starting phase: classical_svm_grid_search
2026-06-17 15:45:22,636 | INFO | Completed phase: classical_svm_grid_search
2026-06-17 15:45:22,656 | INFO | Starting phase: classical_svm_final_training
2026-06-17 15:45:22,660 | INFO | Completed phase: classical_svm_final_training
2026-06-17 15:45:22,660 | INFO | Starting phase: final_evaluation
2026-06-17 15:45:22,662 | INFO | Completed phase: final_evaluation
2026-06-17 15:45:22,693 | INFO | Classical SVM best params: {'C': 1, 'gamma': 'scale', 'kernel': 'rbf'}
2026-06-17 15:45:22,695 | INFO | Starting phase: qsvm_optuna_search
2026-06-17 15:45:52,807 | WARNING | QSVM Optuna trial 1 failed: 'NoneType' object has no attribute 'items'
2026-06-17 15:47:07,819 | WARNING | QSVM Optuna trial 4 failed: 'NoneType' object has no attribute 'items'
2026-06-17 15:53:07,454 | WARNING | QSVM Optuna trial 17 failed: 'NoneType' object has no attribute 'items'
2026-06-17 15:56:15,334 | WARNING | QSVM Optuna trial 25 failed: 'NoneType' object has no attribute 'items'
2026-06-17 15:57:39,664 | WARNING | QSVM Optuna trial 29 failed: 'NoneType' object has no attribute 'items'
2026-06-17 16:00:03,042 | WARNING | QSVM Optuna trial 36 failed: 'NoneType' object has no attribute 'items'
2026-06-17 16:01:20,823 | INFO | Completed phase: qsvm_optuna_search
2026-06-17 16:01:20,847 | INFO | Starting phase: qsvm_confirmation_phase
2026-06-17 16:07:30,242 | INFO | Completed phase: qsvm_confirmation_phase
2026-06-17 16:07:30,254 | INFO | Starting phase: qsvm_final_training
2026-06-17 16:07:59,146 | INFO | Completed phase: qsvm_final_training
2026-06-17 16:07:59,146 | INFO | Starting phase: final_evaluation
2026-06-17 16:08:14,098 | INFO | Completed phase: final_evaluation
2026-06-17 16:08:15,280 | INFO | Starting phase: decision_boundary_visualization
2026-06-17 16:15:06,773 | INFO | Completed phase: decision_boundary_visualization
2026-06-17 16:15:06,776 | INFO | Experiment completed successfully.
