2026-06-26 19:17:51,742 | INFO | Starting one-run SVM versus QSVM experiment.
2026-06-26 19:17:51,742 | INFO | Experiment quantum backend: backend=pennylane_gpu pennylane_device=lightning.gpu diff_method=adjoint kernel_batch_size=512 classical_n_jobs=-1
2026-06-26 19:17:51,763 | INFO | Starting phase: preprocessing
2026-06-26 19:17:51,785 | INFO | Completed phase: preprocessing
2026-06-26 19:17:51,785 | INFO | Starting phase: classical_svm_grid_search
2026-06-26 19:17:57,063 | INFO | Completed phase: classical_svm_grid_search
2026-06-26 19:17:57,066 | INFO | Starting phase: classical_svm_final_training
2026-06-26 19:17:57,074 | INFO | Completed phase: classical_svm_final_training
2026-06-26 19:17:57,074 | INFO | Starting phase: final_evaluation
2026-06-26 19:17:57,078 | INFO | Completed phase: final_evaluation
2026-06-26 19:17:57,720 | INFO | Classical SVM best params: {'C': 0.1, 'kernel': 'linear'}
2026-06-26 19:17:58,595 | INFO | Verified PennyLane backend: device=lightning.gpu diff_method=adjoint pennylane=0.45.0 lightning_gpu=0.45.0
2026-06-26 19:17:58,596 | INFO | QSVM backend metadata: {"backend": "pennylane_gpu", "cuquantum_python_version": "26.3.2", "cuquantum_version": "26.3.2", "custatevec_version": "1.13.1", "device_name": "lightning.gpu", "diff_method": "adjoint", "fallback_used": false, "gpu_required": true, "kernel_batch_size": 512, "lightning_gpu_version": "0.45.0", "pennylane_version": "0.45.0", "smoke_test_probability_zero": 0.9962225160675967}
2026-06-26 19:17:58,597 | INFO | Starting phase: qsvm_optuna_search
2026-06-26 19:19:16,503 | INFO | QSVM Optuna trial 4 reused cached kernel result.
2026-06-26 19:19:48,172 | INFO | QSVM Optuna trial 7 reused cached kernel result.
2026-06-26 19:20:59,556 | INFO | QSVM Optuna trial 11 reused cached kernel result.
2026-06-26 19:20:59,557 | INFO | QSVM Optuna trial 12 reused cached kernel result.
2026-06-26 19:21:32,622 | INFO | QSVM Optuna trial 15 reused cached kernel result.
2026-06-26 19:23:30,682 | INFO | QSVM Optuna trial 20 reused cached kernel result.
2026-06-26 19:23:30,684 | INFO | QSVM Optuna trial 21 reused cached kernel result.
2026-06-26 19:23:30,685 | INFO | QSVM Optuna trial 22 reused cached kernel result.
2026-06-26 19:23:30,687 | INFO | QSVM Optuna trial 23 reused cached kernel result.
2026-06-26 19:25:43,398 | INFO | QSVM Optuna trial 29 reused cached kernel result.
2026-06-26 19:26:01,221 | INFO | QSVM Optuna trial 31 reused cached kernel result.
2026-06-26 19:26:01,223 | INFO | QSVM Optuna trial 32 reused cached kernel result.
2026-06-26 19:26:01,224 | INFO | QSVM Optuna trial 33 reused cached kernel result.
2026-06-26 19:26:01,226 | INFO | QSVM Optuna trial 34 reused cached kernel result.
2026-06-26 19:26:01,227 | INFO | QSVM Optuna trial 35 reused cached kernel result.
2026-06-26 19:26:01,228 | INFO | QSVM Optuna trial 36 reused cached kernel result.
2026-06-26 19:26:55,807 | INFO | QSVM Optuna trial 39 reused cached kernel result.
2026-06-26 19:26:55,809 | INFO | Completed phase: qsvm_optuna_search
2026-06-26 19:26:55,835 | INFO | Starting phase: qsvm_confirmation_phase
2026-06-26 19:34:24,017 | INFO | Completed phase: qsvm_confirmation_phase
2026-06-26 19:34:24,026 | INFO | Starting phase: qsvm_final_training
2026-06-26 19:34:55,356 | INFO | Completed phase: qsvm_final_training
2026-06-26 19:34:55,356 | INFO | Starting phase: final_evaluation
2026-06-26 19:35:07,687 | INFO | Completed phase: final_evaluation
2026-06-26 19:35:09,462 | INFO | Starting phase: decision_boundary_visualization
2026-06-26 19:43:38,732 | INFO | Completed phase: decision_boundary_visualization
2026-06-26 19:43:38,735 | INFO | Experiment completed successfully.
