2026-06-26 23:49:52,650 | INFO | Starting one-run SVM versus QSVM experiment.
2026-06-26 23:49:52,650 | INFO | Experiment quantum backend: backend=pennylane_gpu pennylane_device=lightning.gpu diff_method=adjoint kernel_batch_size=512 classical_n_jobs=-1
2026-06-26 23:49:52,663 | INFO | Starting phase: preprocessing
2026-06-26 23:49:52,686 | INFO | Completed phase: preprocessing
2026-06-26 23:49:52,687 | INFO | Starting phase: classical_svm_grid_search
2026-06-26 23:49:58,600 | INFO | Completed phase: classical_svm_grid_search
2026-06-26 23:49:58,617 | INFO | Starting phase: classical_svm_final_training
2026-06-26 23:49:58,624 | INFO | Completed phase: classical_svm_final_training
2026-06-26 23:49:58,624 | INFO | Starting phase: final_evaluation
2026-06-26 23:49:58,629 | INFO | Completed phase: final_evaluation
2026-06-26 23:49:59,304 | INFO | Classical SVM best params: {'C': 1, 'gamma': 'scale', 'kernel': 'rbf'}
2026-06-26 23:49:59,763 | INFO | Verified PennyLane backend: device=lightning.gpu diff_method=adjoint pennylane=0.45.0 lightning_gpu=0.45.0
2026-06-26 23:49:59,764 | INFO | QSVM backend metadata: {"backend": "pennylane_gpu", "cuquantum_python_version": "26.3.2", "cuquantum_version": "26.3.2", "custatevec_version": "1.13.1", "device_name": "lightning.gpu", "diff_method": "adjoint", "fallback_used": false, "gpu_required": true, "kernel_batch_size": 512, "lightning_gpu_version": "0.45.0", "pennylane_version": "0.45.0", "smoke_test_probability_zero": 0.9962225160675967}
2026-06-26 23:49:59,764 | INFO | Starting phase: qsvm_optuna_search
2026-06-26 23:51:51,439 | INFO | QSVM Optuna trial 4 reused cached kernel result.
2026-06-26 23:52:37,097 | INFO | QSVM Optuna trial 7 reused cached kernel result.
2026-06-26 23:54:11,590 | INFO | QSVM Optuna trial 11 reused cached kernel result.
2026-06-26 23:54:11,592 | INFO | QSVM Optuna trial 12 reused cached kernel result.
2026-06-26 23:55:17,569 | INFO | QSVM Optuna trial 15 reused cached kernel result.
2026-06-26 23:57:58,555 | INFO | QSVM Optuna trial 20 reused cached kernel result.
2026-06-26 23:57:58,556 | INFO | QSVM Optuna trial 21 reused cached kernel result.
2026-06-26 23:57:58,558 | INFO | QSVM Optuna trial 22 reused cached kernel result.
2026-06-26 23:57:58,559 | INFO | QSVM Optuna trial 23 reused cached kernel result.
2026-06-26 23:58:42,836 | INFO | QSVM Optuna trial 25 reused cached kernel result.
2026-06-27 00:00:31,005 | INFO | QSVM Optuna trial 29 reused cached kernel result.
2026-06-27 00:00:55,921 | INFO | QSVM Optuna trial 31 reused cached kernel result.
2026-06-27 00:00:55,922 | INFO | QSVM Optuna trial 32 reused cached kernel result.
2026-06-27 00:00:55,924 | INFO | QSVM Optuna trial 33 reused cached kernel result.
2026-06-27 00:00:55,925 | INFO | QSVM Optuna trial 34 reused cached kernel result.
2026-06-27 00:00:55,927 | INFO | QSVM Optuna trial 35 reused cached kernel result.
2026-06-27 00:00:55,928 | INFO | QSVM Optuna trial 36 reused cached kernel result.
2026-06-27 00:00:55,930 | INFO | QSVM Optuna trial 37 reused cached kernel result.
2026-06-27 00:01:35,728 | INFO | QSVM Optuna trial 39 reused cached kernel result.
2026-06-27 00:01:35,731 | INFO | Completed phase: qsvm_optuna_search
2026-06-27 00:01:35,741 | INFO | Starting phase: qsvm_confirmation_phase
2026-06-27 00:12:05,132 | INFO | Completed phase: qsvm_confirmation_phase
2026-06-27 00:12:05,138 | INFO | Starting phase: qsvm_final_training
2026-06-27 00:12:45,287 | INFO | Completed phase: qsvm_final_training
2026-06-27 00:12:45,287 | INFO | Starting phase: final_evaluation
2026-06-27 00:13:07,209 | INFO | Completed phase: final_evaluation
2026-06-27 00:13:09,023 | INFO | Starting phase: decision_boundary_visualization
2026-06-27 00:23:49,039 | INFO | Completed phase: decision_boundary_visualization
2026-06-27 00:23:49,042 | INFO | Experiment completed successfully.
